This is pdfTeX, Version 3.14159265-2.6-1.40.20 (TeX Live 2019/Debian) (preloaded format=pdflatex 2021.5.1)  8 DEC 2022 15:23
entering extended mode
 restricted \write18 enabled.
 file:line:error style messages enabled.
 %&-line parsing enabled.
**/home/natalia/Documentos/Tesis/Latex/Tesis/Presentacion/tikz/CO2_DUST.tex
(/home/natalia/Documentos/Tesis/Latex/Tesis/Presentacion/tikz/CO2_DUST.tex
LaTeX2e <2020-02-02> patch level 2
L3 programming layer <2020-02-14> (/usr/share/texlive/texmf-dist/tex/latex/standalone/standalone.cls
Document Class: standalone 2018/03/26 v1.3a Class to compile TeX sub-files standalone
(/usr/share/texlive/texmf-dist/tex/latex/tools/shellesc.sty
Package: shellesc 2019/11/08 v1.0c unified shell escape interface for LaTeX
Package shellesc Info: Restricted shell escape enabled on input line 77.
) (/usr/share/texlive/texmf-dist/tex/generic/iftex/ifluatex.sty
Package: ifluatex 2019/10/25 v1.5 ifluatex legacy package. Use iftex instead.
 (/usr/share/texlive/texmf-dist/tex/generic/iftex/iftex.sty
Package: iftex 2019/11/07 v1.0c TeX engine tests
)) (/usr/share/texlive/texmf-dist/tex/latex/xkeyval/xkeyval.sty
Package: xkeyval 2014/12/03 v2.7a package option processing (HA)
 (/usr/share/texlive/texmf-dist/tex/generic/xkeyval/xkeyval.tex (/usr/share/texlive/texmf-dist/tex/generic/xkeyval/xkvutils.tex
\XKV@toks=\toks14
\XKV@tempa@toks=\toks15
 (/usr/share/texlive/texmf-dist/tex/generic/xkeyval/keyval.tex))
\XKV@depth=\count167
File: xkeyval.tex 2014/12/03 v2.7a key=value parser (HA)
))
\sa@internal=\count168
\c@sapage=\count169
 (/usr/share/texlive/texmf-dist/tex/latex/standalone/standalone.cfg
File: standalone.cfg 2018/03/26 v1.3a Default configuration file for 'standalone' class
) (/usr/share/texlive/texmf-dist/tex/latex/base/article.cls
Document Class: article 2019/12/20 v1.4l Standard LaTeX document class
(/usr/share/texlive/texmf-dist/tex/latex/base/size10.clo
File: size10.clo 2019/12/20 v1.4l Standard LaTeX file (size option)
)
\c@part=\count170
\c@section=\count171
\c@subsection=\count172
\c@subsubsection=\count173
\c@paragraph=\count174
\c@subparagraph=\count175
\c@figure=\count176
\c@table=\count177
\abovecaptionskip=\skip47
\belowcaptionskip=\skip48
\bibindent=\dimen134
) (/usr/share/texlive/texmf-dist/tex/latex/pgf/frontendlayer/tikz.sty (/usr/share/texlive/texmf-dist/tex/latex/pgf/basiclayer/pgf.sty (/usr/share/texlive/texmf-dist/tex/latex/pgf/utilities/pgfrcs.sty (/usr/share/texlive/texmf-dist/tex/generic/pgf/utilities/pgfutil-common.tex
\pgfutil@everybye=\toks16
\pgfutil@tempdima=\dimen135
\pgfutil@tempdimb=\dimen136
 (/usr/share/texlive/texmf-dist/tex/generic/pgf/utilities/pgfutil-common-lists.tex)) (/usr/share/texlive/texmf-dist/tex/generic/pgf/utilities/pgfutil-latex.def
\pgfutil@abb=\box45
 (/usr/share/texlive/texmf-dist/tex/latex/ms/everyshi.sty
Package: everyshi 2001/05/15 v3.00 EveryShipout Package (MS)
)) (/usr/share/texlive/texmf-dist/tex/generic/pgf/utilities/pgfrcs.code.tex (/usr/share/texlive/texmf-dist/tex/generic/pgf/pgf.revision.tex)
Package: pgfrcs 2020/01/08 v3.1.5b (3.1.5b)
))
Package: pgf 2020/01/08 v3.1.5b (3.1.5b)
 (/usr/share/texlive/texmf-dist/tex/latex/pgf/basiclayer/pgfcore.sty (/usr/share/texlive/texmf-dist/tex/latex/graphics/graphicx.sty
Package: graphicx 2019/11/30 v1.2a Enhanced LaTeX Graphics (DPC,SPQR)
 (/usr/share/texlive/texmf-dist/tex/latex/graphics/graphics.sty
Package: graphics 2019/11/30 v1.4a Standard LaTeX Graphics (DPC,SPQR)
 (/usr/share/texlive/texmf-dist/tex/latex/graphics/trig.sty
Package: trig 2016/01/03 v1.10 sin cos tan (DPC)
) (/usr/share/texlive/texmf-dist/tex/latex/graphics-cfg/graphics.cfg
File: graphics.cfg 2016/06/04 v1.11 sample graphics configuration
)
Package graphics Info: Driver file: pdftex.def on input line 105.
 (/usr/share/texlive/texmf-dist/tex/latex/graphics-def/pdftex.def
File: pdftex.def 2018/01/08 v1.0l Graphics/color driver for pdftex
))
\Gin@req@height=\dimen137
\Gin@req@width=\dimen138
) (/usr/share/texlive/texmf-dist/tex/latex/pgf/systemlayer/pgfsys.sty (/usr/share/texlive/texmf-dist/tex/generic/pgf/systemlayer/pgfsys.code.tex
Package: pgfsys 2020/01/08 v3.1.5b (3.1.5b)
 (/usr/share/texlive/texmf-dist/tex/generic/pgf/utilities/pgfkeys.code.tex
\pgfkeys@pathtoks=\toks17
\pgfkeys@temptoks=\toks18
 (/usr/share/texlive/texmf-dist/tex/generic/pgf/utilities/pgfkeysfiltered.code.tex
\pgfkeys@tmptoks=\toks19
))
\pgf@x=\dimen139
\pgf@y=\dimen140
\pgf@xa=\dimen141
\pgf@ya=\dimen142
\pgf@xb=\dimen143
\pgf@yb=\dimen144
\pgf@xc=\dimen145
\pgf@yc=\dimen146
\pgf@xd=\dimen147
\pgf@yd=\dimen148
\w@pgf@writea=\write3
\r@pgf@reada=\read2
\c@pgf@counta=\count178
\c@pgf@countb=\count179
\c@pgf@countc=\count180
\c@pgf@countd=\count181
\t@pgf@toka=\toks20
\t@pgf@tokb=\toks21
\t@pgf@tokc=\toks22
\pgf@sys@id@count=\count182
 (/usr/share/texlive/texmf-dist/tex/generic/pgf/systemlayer/pgf.cfg
File: pgf.cfg 2020/01/08 v3.1.5b (3.1.5b)
)
Driver file for pgf: pgfsys-pdftex.def
 (/usr/share/texlive/texmf-dist/tex/generic/pgf/systemlayer/pgfsys-pdftex.def
File: pgfsys-pdftex.def 2020/01/08 v3.1.5b (3.1.5b)
 (/usr/share/texlive/texmf-dist/tex/generic/pgf/systemlayer/pgfsys-common-pdf.def
File: pgfsys-common-pdf.def 2020/01/08 v3.1.5b (3.1.5b)
))) (/usr/share/texlive/texmf-dist/tex/generic/pgf/systemlayer/pgfsyssoftpath.code.tex
File: pgfsyssoftpath.code.tex 2020/01/08 v3.1.5b (3.1.5b)
\pgfsyssoftpath@smallbuffer@items=\count183
\pgfsyssoftpath@bigbuffer@items=\count184
) (/usr/share/texlive/texmf-dist/tex/generic/pgf/systemlayer/pgfsysprotocol.code.tex
File: pgfsysprotocol.code.tex 2020/01/08 v3.1.5b (3.1.5b)
)) (/usr/share/texlive/texmf-dist/tex/latex/xcolor/xcolor.sty
Package: xcolor 2016/05/11 v2.12 LaTeX color extensions (UK)
 (/usr/share/texlive/texmf-dist/tex/latex/graphics-cfg/color.cfg
File: color.cfg 2016/01/02 v1.6 sample color configuration
)
Package xcolor Info: Driver file: pdftex.def on input line 225.
Package xcolor Info: Model `cmy' substituted by `cmy0' on input line 1348.
Package xcolor Info: Model `hsb' substituted by `rgb' on input line 1352.
Package xcolor Info: Model `RGB' extended on input line 1364.
Package xcolor Info: Model `HTML' substituted by `rgb' on input line 1366.
Package xcolor Info: Model `Hsb' substituted by `hsb' on input line 1367.
Package xcolor Info: Model `tHsb' substituted by `hsb' on input line 1368.
Package xcolor Info: Model `HSB' substituted by `hsb' on input line 1369.
Package xcolor Info: Model `Gray' substituted by `gray' on input line 1370.
Package xcolor Info: Model `wave' substituted by `hsb' on input line 1371.
) (/usr/share/texlive/texmf-dist/tex/generic/pgf/basiclayer/pgfcore.code.tex
Package: pgfcore 2020/01/08 v3.1.5b (3.1.5b)
 (/usr/share/texlive/texmf-dist/tex/generic/pgf/math/pgfmath.code.tex (/usr/share/texlive/texmf-dist/tex/generic/pgf/math/pgfmathcalc.code.tex (/usr/share/texlive/texmf-dist/tex/generic/pgf/math/pgfmathutil.code.tex) (/usr/share/texlive/texmf-dist/tex/generic/pgf/math/pgfmathparser.code.tex
\pgfmath@dimen=\dimen149
\pgfmath@count=\count185
\pgfmath@box=\box46
\pgfmath@toks=\toks23
\pgfmath@stack@operand=\toks24
\pgfmath@stack@operation=\toks25
) (/usr/share/texlive/texmf-dist/tex/generic/pgf/math/pgfmathfunctions.code.tex (/usr/share/texlive/texmf-dist/tex/generic/pgf/math/pgfmathfunctions.basic.code.tex) (/usr/share/texlive/texmf-dist/tex/generic/pgf/math/pgfmathfunctions.trigonometric.code.tex) (/usr/share/texlive/texmf-dist/tex/generic/pgf/math/pgfmathfunctions.random.code.tex) (/usr/share/texlive/texmf-dist/tex/generic/pgf/math/pgfmathfunctions.comparison.code.tex) (/usr/share/texlive/texmf-dist/tex/generic/pgf/math/pgfmathfunctions.base.code.tex) (/usr/share/texlive/texmf-dist/tex/generic/pgf/math/pgfmathfunctions.round.code.tex) (/usr/share/texlive/texmf-dist/tex/generic/pgf/math/pgfmathfunctions.misc.code.tex) (/usr/share/texlive/texmf-dist/tex/generic/pgf/math/pgfmathfunctions.integerarithmetics.code.tex))) (/usr/share/texlive/texmf-dist/tex/generic/pgf/math/pgfmathfloat.code.tex
\c@pgfmathroundto@lastzeros=\count186
)) (/usr/share/texlive/texmf-dist/tex/generic/pgf/math/pgfint.code.tex) (/usr/share/texlive/texmf-dist/tex/generic/pgf/basiclayer/pgfcorepoints.code.tex
File: pgfcorepoints.code.tex 2020/01/08 v3.1.5b (3.1.5b)
\pgf@picminx=\dimen150
\pgf@picmaxx=\dimen151
\pgf@picminy=\dimen152
\pgf@picmaxy=\dimen153
\pgf@pathminx=\dimen154
\pgf@pathmaxx=\dimen155
\pgf@pathminy=\dimen156
\pgf@pathmaxy=\dimen157
\pgf@xx=\dimen158
\pgf@xy=\dimen159
\pgf@yx=\dimen160
\pgf@yy=\dimen161
\pgf@zx=\dimen162
\pgf@zy=\dimen163
) (/usr/share/texlive/texmf-dist/tex/generic/pgf/basiclayer/pgfcorepathconstruct.code.tex
File: pgfcorepathconstruct.code.tex 2020/01/08 v3.1.5b (3.1.5b)
\pgf@path@lastx=\dimen164
\pgf@path@lasty=\dimen165
) (/usr/share/texlive/texmf-dist/tex/generic/pgf/basiclayer/pgfcorepathusage.code.tex
File: pgfcorepathusage.code.tex 2020/01/08 v3.1.5b (3.1.5b)
\pgf@shorten@end@additional=\dimen166
\pgf@shorten@start@additional=\dimen167
) (/usr/share/texlive/texmf-dist/tex/generic/pgf/basiclayer/pgfcorescopes.code.tex
File: pgfcorescopes.code.tex 2020/01/08 v3.1.5b (3.1.5b)
\pgfpic=\box47
\pgf@hbox=\box48
\pgf@layerbox@main=\box49
\pgf@picture@serial@count=\count187
) (/usr/share/texlive/texmf-dist/tex/generic/pgf/basiclayer/pgfcoregraphicstate.code.tex
File: pgfcoregraphicstate.code.tex 2020/01/08 v3.1.5b (3.1.5b)
\pgflinewidth=\dimen168
) (/usr/share/texlive/texmf-dist/tex/generic/pgf/basiclayer/pgfcoretransformations.code.tex
File: pgfcoretransformations.code.tex 2020/01/08 v3.1.5b (3.1.5b)
\pgf@pt@x=\dimen169
\pgf@pt@y=\dimen170
\pgf@pt@temp=\dimen171
) (/usr/share/texlive/texmf-dist/tex/generic/pgf/basiclayer/pgfcorequick.code.tex
File: pgfcorequick.code.tex 2020/01/08 v3.1.5b (3.1.5b)
) (/usr/share/texlive/texmf-dist/tex/generic/pgf/basiclayer/pgfcoreobjects.code.tex
File: pgfcoreobjects.code.tex 2020/01/08 v3.1.5b (3.1.5b)
) (/usr/share/texlive/texmf-dist/tex/generic/pgf/basiclayer/pgfcorepathprocessing.code.tex
File: pgfcorepathprocessing.code.tex 2020/01/08 v3.1.5b (3.1.5b)
) (/usr/share/texlive/texmf-dist/tex/generic/pgf/basiclayer/pgfcorearrows.code.tex
File: pgfcorearrows.code.tex 2020/01/08 v3.1.5b (3.1.5b)
\pgfarrowsep=\dimen172
) (/usr/share/texlive/texmf-dist/tex/generic/pgf/basiclayer/pgfcoreshade.code.tex
File: pgfcoreshade.code.tex 2020/01/08 v3.1.5b (3.1.5b)
\pgf@max=\dimen173
\pgf@sys@shading@range@num=\count188
\pgf@shadingcount=\count189
) (/usr/share/texlive/texmf-dist/tex/generic/pgf/basiclayer/pgfcoreimage.code.tex
File: pgfcoreimage.code.tex 2020/01/08 v3.1.5b (3.1.5b)
 (/usr/share/texlive/texmf-dist/tex/generic/pgf/basiclayer/pgfcoreexternal.code.tex
File: pgfcoreexternal.code.tex 2020/01/08 v3.1.5b (3.1.5b)
\pgfexternal@startupbox=\box50
)) (/usr/share/texlive/texmf-dist/tex/generic/pgf/basiclayer/pgfcorelayers.code.tex
File: pgfcorelayers.code.tex 2020/01/08 v3.1.5b (3.1.5b)
) (/usr/share/texlive/texmf-dist/tex/generic/pgf/basiclayer/pgfcoretransparency.code.tex
File: pgfcoretransparency.code.tex 2020/01/08 v3.1.5b (3.1.5b)
) (/usr/share/texlive/texmf-dist/tex/generic/pgf/basiclayer/pgfcorepatterns.code.tex
File: pgfcorepatterns.code.tex 2020/01/08 v3.1.5b (3.1.5b)
) (/usr/share/texlive/texmf-dist/tex/generic/pgf/basiclayer/pgfcorerdf.code.tex
File: pgfcorerdf.code.tex 2020/01/08 v3.1.5b (3.1.5b)
))) (/usr/share/texlive/texmf-dist/tex/generic/pgf/modules/pgfmoduleshapes.code.tex
File: pgfmoduleshapes.code.tex 2020/01/08 v3.1.5b (3.1.5b)
\pgfnodeparttextbox=\box51
) (/usr/share/texlive/texmf-dist/tex/generic/pgf/modules/pgfmoduleplot.code.tex
File: pgfmoduleplot.code.tex 2020/01/08 v3.1.5b (3.1.5b)
) (/usr/share/texlive/texmf-dist/tex/latex/pgf/compatibility/pgfcomp-version-0-65.sty
Package: pgfcomp-version-0-65 2020/01/08 v3.1.5b (3.1.5b)
\pgf@nodesepstart=\dimen174
\pgf@nodesepend=\dimen175
) (/usr/share/texlive/texmf-dist/tex/latex/pgf/compatibility/pgfcomp-version-1-18.sty
Package: pgfcomp-version-1-18 2020/01/08 v3.1.5b (3.1.5b)
)) (/usr/share/texlive/texmf-dist/tex/latex/pgf/utilities/pgffor.sty (/usr/share/texlive/texmf-dist/tex/latex/pgf/utilities/pgfkeys.sty (/usr/share/texlive/texmf-dist/tex/generic/pgf/utilities/pgfkeys.code.tex)) (/usr/share/texlive/texmf-dist/tex/latex/pgf/math/pgfmath.sty (/usr/share/texlive/texmf-dist/tex/generic/pgf/math/pgfmath.code.tex)) (/usr/share/texlive/texmf-dist/tex/generic/pgf/utilities/pgffor.code.tex
Package: pgffor 2020/01/08 v3.1.5b (3.1.5b)
 (/usr/share/texlive/texmf-dist/tex/generic/pgf/math/pgfmath.code.tex)
\pgffor@iter=\dimen176
\pgffor@skip=\dimen177
\pgffor@stack=\toks26
\pgffor@toks=\toks27
)) (/usr/share/texlive/texmf-dist/tex/generic/pgf/frontendlayer/tikz/tikz.code.tex
Package: tikz 2020/01/08 v3.1.5b (3.1.5b)
 (/usr/share/texlive/texmf-dist/tex/generic/pgf/libraries/pgflibraryplothandlers.code.tex
File: pgflibraryplothandlers.code.tex 2020/01/08 v3.1.5b (3.1.5b)
\pgf@plot@mark@count=\count190
\pgfplotmarksize=\dimen178
)
\tikz@lastx=\dimen179
\tikz@lasty=\dimen180
\tikz@lastxsaved=\dimen181
\tikz@lastysaved=\dimen182
\tikz@lastmovetox=\dimen183
\tikz@lastmovetoy=\dimen184
\tikzleveldistance=\dimen185
\tikzsiblingdistance=\dimen186
\tikz@figbox=\box52
\tikz@figbox@bg=\box53
\tikz@tempbox=\box54
\tikz@tempbox@bg=\box55
\tikztreelevel=\count191
\tikznumberofchildren=\count192
\tikznumberofcurrentchild=\count193
\tikz@fig@count=\count194
 (/usr/share/texlive/texmf-dist/tex/generic/pgf/modules/pgfmodulematrix.code.tex
File: pgfmodulematrix.code.tex 2020/01/08 v3.1.5b (3.1.5b)
\pgfmatrixcurrentrow=\count195
\pgfmatrixcurrentcolumn=\count196
\pgf@matrix@numberofcolumns=\count197
)
\tikz@expandcount=\count198
 (/usr/share/texlive/texmf-dist/tex/generic/pgf/frontendlayer/tikz/libraries/tikzlibrarytopaths.code.tex
File: tikzlibrarytopaths.code.tex 2020/01/08 v3.1.5b (3.1.5b)
)))
\sa@box=\box56
) (/usr/share/texlive/texmf-dist/tex/latex/pgfplots/pgfplots.sty (/usr/share/texlive/texmf-dist/tex/generic/pgfplots/pgfplots.revision.tex)
Package: pgfplots 2018/03/28 v1.16 Data Visualization (1.16)
 (/usr/share/texlive/texmf-dist/tex/generic/pgfplots/pgfplots.code.tex (/usr/share/texlive/texmf-dist/tex/generic/pgfplots/pgfplotscore.code.tex
\t@pgfplots@toka=\toks28
\t@pgfplots@tokb=\toks29
\t@pgfplots@tokc=\toks30
\pgfplots@tmpa=\dimen187
\c@pgfplots@coordindex=\count199
\c@pgfplots@scanlineindex=\count266
 (/usr/share/texlive/texmf-dist/tex/generic/pgfplots/sys/pgfplotssysgeneric.code.tex)) (/usr/share/texlive/texmf-dist/tex/generic/pgfplots/libs/pgfplotslibrary.code.tex) (/usr/share/texlive/texmf-dist/tex/generic/pgfplots/oldpgfcompatib/pgfplotsoldpgfsupp_loader.code.tex (/usr/share/texlive/texmf-dist/tex/generic/pgf/libraries/pgflibraryfpu.code.tex)) (/usr/share/texlive/texmf-dist/tex/generic/pgfplots/util/pgfplotsutil.code.tex (/usr/share/texlive/texmf-dist/tex/generic/pgfplots/liststructure/pgfplotsliststructure.code.tex) (/usr/share/texlive/texmf-dist/tex/generic/pgfplots/liststructure/pgfplotsliststructureext.code.tex) (/usr/share/texlive/texmf-dist/tex/generic/pgfplots/liststructure/pgfplotsarray.code.tex
\c@pgfplotsarray@tmp=\count267
) (/usr/share/texlive/texmf-dist/tex/generic/pgfplots/liststructure/pgfplotsmatrix.code.tex) (/usr/share/texlive/texmf-dist/tex/generic/pgfplots/numtable/pgfplotstableshared.code.tex
\c@pgfplotstable@counta=\count268
\t@pgfplotstable@a=\toks31
) (/usr/share/texlive/texmf-dist/tex/generic/pgfplots/liststructure/pgfplotsdeque.code.tex) (/usr/share/texlive/texmf-dist/tex/generic/pgfplots/util/pgfplotsbinary.code.tex (/usr/share/texlive/texmf-dist/tex/generic/pgfplots/util/pgfplotsbinary.data.code.tex)) (/usr/share/texlive/texmf-dist/tex/generic/pgfplots/util/pgfplotsutil.verb.code.tex) (/usr/share/texlive/texmf-dist/tex/generic/pgfplots/libs/pgflibrarypgfplots.surfshading.code.tex
\c@pgfplotslibrarysurf@no=\count269
 (/usr/share/texlive/texmf-dist/tex/generic/pgfplots/sys/pgflibrarypgfplots.surfshading.pgfsys-pdftex.def))) (/usr/share/texlive/texmf-dist/tex/generic/pgfplots/util/pgfplotscolormap.code.tex (/usr/share/texlive/texmf-dist/tex/generic/pgfplots/util/pgfplotscolor.code.tex)) (/usr/share/texlive/texmf-dist/tex/generic/pgfplots/pgfplotsstackedplots.code.tex) (/usr/share/texlive/texmf-dist/tex/generic/pgfplots/pgfplotsplothandlers.code.tex (/usr/share/texlive/texmf-dist/tex/generic/pgfplots/pgfplotsmeshplothandler.code.tex (/usr/share/texlive/texmf-dist/tex/generic/pgfplots/pgfplotsmeshplotimage.code.tex))) (/usr/share/texlive/texmf-dist/tex/generic/pgfplots/pgfplots.scaling.code.tex) (/usr/share/texlive/texmf-dist/tex/generic/pgfplots/pgfplotscoordprocessing.code.tex) (/usr/share/texlive/texmf-dist/tex/generic/pgfplots/pgfplots.errorbars.code.tex) (/usr/share/texlive/texmf-dist/tex/generic/pgfplots/pgfplots.markers.code.tex) (/usr/share/texlive/texmf-dist/tex/generic/pgfplots/pgfplotsticks.code.tex) (/usr/share/texlive/texmf-dist/tex/generic/pgfplots/pgfplots.paths.code.tex) (/usr/share/texlive/texmf-dist/tex/generic/pgf/frontendlayer/tikz/libraries/tikzlibrarydecorations.code.tex (/usr/share/texlive/texmf-dist/tex/generic/pgf/modules/pgfmoduledecorations.code.tex
\pgfdecoratedcompleteddistance=\dimen188
\pgfdecoratedremainingdistance=\dimen189
\pgfdecoratedinputsegmentcompleteddistance=\dimen190
\pgfdecoratedinputsegmentremainingdistance=\dimen191
\pgf@decorate@distancetomove=\dimen192
\pgf@decorate@repeatstate=\count270
\pgfdecorationsegmentamplitude=\dimen193
\pgfdecorationsegmentlength=\dimen194
)
\tikz@lib@dec@box=\box57
) (/usr/share/texlive/texmf-dist/tex/generic/pgf/frontendlayer/tikz/libraries/tikzlibrarydecorations.pathmorphing.code.tex (/usr/share/texlive/texmf-dist/tex/generic/pgf/libraries/decorations/pgflibrarydecorations.pathmorphing.code.tex)) (/usr/share/texlive/texmf-dist/tex/generic/pgf/frontendlayer/tikz/libraries/tikzlibrarydecorations.pathreplacing.code.tex (/usr/share/texlive/texmf-dist/tex/generic/pgf/libraries/decorations/pgflibrarydecorations.pathreplacing.code.tex))
\pgfplots@numplots=\count271
\pgfplots@xmin@reg=\dimen195
\pgfplots@xmax@reg=\dimen196
\pgfplots@ymin@reg=\dimen197
\pgfplots@ymax@reg=\dimen198
\pgfplots@zmin@reg=\dimen199
\pgfplots@zmax@reg=\dimen256
) (/usr/share/texlive/texmf-dist/tex/generic/pgf/frontendlayer/tikz/libraries/tikzlibraryplotmarks.code.tex
File: tikzlibraryplotmarks.code.tex 2020/01/08 v3.1.5b (3.1.5b)
 (/usr/share/texlive/texmf-dist/tex/generic/pgf/libraries/pgflibraryplotmarks.code.tex
File: pgflibraryplotmarks.code.tex 2020/01/08 v3.1.5b (3.1.5b)
))) (/usr/share/texlive/texmf-dist/tex/latex/pgfplots/pgfplotstable.sty (/usr/share/texlive/texmf-dist/tex/generic/pgfplots/pgfplots.revision.tex)
Package: pgfplotstable 2018/03/28 v1.16 Table typesetting and Pretty-printing (1.16)
 (/usr/share/texlive/texmf-dist/tex/generic/pgfplots/numtable/pgfplotstable.code.tex (/usr/share/texlive/texmf-dist/tex/generic/pgfplots/numtable/pgfplotstable.coltype.code.tex)) (/usr/share/texlive/texmf-dist/tex/latex/tools/array.sty
Package: array 2019/08/31 v2.4l Tabular extension package (FMi)
\col@sep=\dimen257
\ar@mcellbox=\box58
\extrarowheight=\dimen258
\NC@list=\toks32
\extratabsurround=\skip49
\backup@length=\skip50
\ar@cellbox=\box59
)) (/usr/share/texlive/texmf-dist/tex/latex/l3backend/l3backend-pdfmode.def
File: l3backend-pdfmode.def 2020-02-03 L3 backend support: PDF mode
\l__kernel_color_stack_int=\count272
\l__pdf_internal_box=\box60
) (/home/natalia/Documentos/Tesis/Latex/Tesis/Presentacion/tikz/CO2_DUST.aux)
\openout1 = `CO2_DUST.aux'.

LaTeX Font Info:    Checking defaults for OML/cmm/m/it on input line 5.
LaTeX Font Info:    ... okay on input line 5.
LaTeX Font Info:    Checking defaults for OMS/cmsy/m/n on input line 5.
LaTeX Font Info:    ... okay on input line 5.
LaTeX Font Info:    Checking defaults for OT1/cmr/m/n on input line 5.
LaTeX Font Info:    ... okay on input line 5.
LaTeX Font Info:    Checking defaults for T1/cmr/m/n on input line 5.
LaTeX Font Info:    ... okay on input line 5.
LaTeX Font Info:    Checking defaults for TS1/cmr/m/n on input line 5.
LaTeX Font Info:    ... okay on input line 5.
LaTeX Font Info:    Checking defaults for OMX/cmex/m/n on input line 5.
LaTeX Font Info:    ... okay on input line 5.
LaTeX Font Info:    Checking defaults for U/cmr/m/n on input line 5.
LaTeX Font Info:    ... okay on input line 5.
 ABD: EveryShipout initializing macros
(/usr/share/texlive/texmf-dist/tex/context/base/mkii/supp-pdf.mkii
[Loading MPS to PDF converter (version 2006.09.02).]
\scratchcounter=\count273
\scratchdimen=\dimen259
\scratchbox=\box61
\nofMPsegments=\count274
\nofMParguments=\count275
\everyMPshowfont=\toks33
\MPscratchCnt=\count276
\MPscratchDim=\dimen260
\MPnumerator=\count277
\makeMPintoPDFobject=\count278
\everyMPtoPDFconversion=\toks34
) (/usr/share/texlive/texmf-dist/tex/latex/epstopdf-pkg/epstopdf-base.sty
Package: epstopdf-base 2020-01-24 v2.11 Base part for package epstopdf
Package epstopdf-base Info: Redefining graphics rule for `.eps' on input line 485.
 (/usr/share/texlive/texmf-dist/tex/latex/latexconfig/epstopdf-sys.cfg
File: epstopdf-sys.cfg 2010/07/13 v1.3 Configuration of (r)epstopdf for TeX Live
))

Package pgfplots Warning: running in backwards compatibility mode (unsuitable tick labels; missing features). Consider writing \pgfplotsset{compat=1.16} into your preamble.
 on input line 5.

PGFPlots: reading {../plot/CO2_Antartica2.dat}
LaTeX Font Info:    External font `cmex10' loaded for size
(Font)              <7> on input line 27.
LaTeX Font Info:    External font `cmex10' loaded for size
(Font)              <5> on input line 27.
PGFPlots: reading {../plot/edc2012dust22.dat}
NOTE: coordinate (129.385,NaN) has been dropped because it is unbounded (in y). (see also unbounded coords=jump). 
NOTE: coordinate (198.396,NaN) has been dropped because it is unbounded (in y). (see also unbounded coords=jump). 
NOTE: coordinate (199.078,NaN) has been dropped because it is unbounded (in y). (see also unbounded coords=jump). 
NOTE: coordinate (199.751,NaN) has been dropped because it is unbounded (in y). (see also unbounded coords=jump). 
NOTE: coordinate (210.753,NaN) has been dropped because it is unbounded (in y). (see also unbounded coords=jump). 
NOTE: coordinate (211.406,NaN) has been dropped because it is unbounded (in y). (see also unbounded coords=jump). 
NOTE: coordinate (212.064,NaN) has been dropped because it is unbounded (in y). (see also unbounded coords=jump). 
NOTE: coordinate (212.717,NaN) has been dropped because it is unbounded (in y). (see also unbounded coords=jump). 
NOTE: coordinate (213.416,NaN) has been dropped because it is unbounded (in y). (see also unbounded coords=jump). 
NOTE: coordinate (275.690,NaN) has been dropped because it is unbounded (in y). (see also unbounded coords=jump). 
NOTE: coordinate (349.370,NaN) has been dropped because it is unbounded (in y). (see also unbounded coords=jump). 
NOTE: coordinate (577.294,NaN) has been dropped because it is unbounded (in y). (see also unbounded coords=jump). 
NOTE: coordinate (578.855,NaN) has been dropped because it is unbounded (in y). (see also unbounded coords=jump). 
NOTE: coordinate (579.128,NaN) has been dropped because it is unbounded (in y). (see also unbounded coords=jump). 
NOTE: coordinate (579.399,NaN) has been dropped because it is unbounded (in y). (see also unbounded coords=jump). 
NOTE: coordinate (579.670,NaN) has been dropped because it is unbounded (in y). (see also unbounded coords=jump). 
NOTE: coordinate (580.198,NaN) has been dropped because it is unbounded (in y). (see also unbounded coords=jump). 
NOTE: coordinate (581.769,NaN) has been dropped because it is unbounded (in y). (see also unbounded coords=jump). 
NOTE: coordinate (582.558,NaN) has been dropped because it is unbounded (in y). (see also unbounded coords=jump). 
NOTE: coordinate (584.804,NaN) has been dropped because it is unbounded (in y). (see also unbounded coords=jump). 
NOTE: coordinate (585.105,NaN) has been dropped because it is unbounded (in y). (see also unbounded coords=jump). 
NOTE: coordinate (585.413,NaN) has been dropped because it is unbounded (in y). (see also unbounded coords=jump). 
NOTE: coordinate (585.723,NaN) has been dropped because it is unbounded (in y). (see also unbounded coords=jump). 
NOTE: coordinate (586.010,NaN) has been dropped because it is unbounded (in y). (see also unbounded coords=jump). 
NOTE: coordinate (586.296,NaN) has been dropped because it is unbounded (in y). (see also unbounded coords=jump). 
NOTE: coordinate (586.576,NaN) has been dropped because it is unbounded (in y). (see also unbounded coords=jump). 
NOTE: coordinate (586.855,NaN) has been dropped because it is unbounded (in y). (see also unbounded coords=jump). 
NOTE: coordinate (587.137,NaN) has been dropped because it is unbounded (in y). (see also unbounded coords=jump). 
NOTE: coordinate (587.417,NaN) has been dropped because it is unbounded (in y). (see also unbounded coords=jump). 
NOTE: coordinate (587.669,NaN) has been dropped because it is unbounded (in y). (see also unbounded coords=jump). 
NOTE: coordinate (587.921,NaN) has been dropped because it is unbounded (in y). (see also unbounded coords=jump). 
NOTE: coordinate (588.194,NaN) has been dropped because it is unbounded (in y). (see also unbounded coords=jump). 
NOTE: coordinate (588.470,NaN) has been dropped because it is unbounded (in y). (see also unbounded coords=jump). 
NOTE: coordinate (588.770,NaN) has been dropped because it is unbounded (in y). (see also unbounded coords=jump). 
NOTE: coordinate (589.075,NaN) has been dropped because it is unbounded (in y). (see also unbounded coords=jump). 
NOTE: coordinate (589.387,NaN) has been dropped because it is unbounded (in y). (see also unbounded coords=jump). 
NOTE: coordinate (621.651,NaN) has been dropped because it is unbounded (in y). (see also unbounded coords=jump). 
NOTE: coordinate (621.922,NaN) has been dropped because it is unbounded (in y). (see also unbounded coords=jump). 
NOTE: coordinate (622.194,NaN) has been dropped because it is unbounded (in y). (see also unbounded coords=jump). 
NOTE: coordinate (622.467,NaN) has been dropped because it is unbounded (in y). (see also unbounded coords=jump). 
NOTE: coordinate (622.740,NaN) has been dropped because it is unbounded (in y). (see also unbounded coords=jump). 
NOTE: coordinate (623.013,NaN) has been dropped because it is unbounded (in y). (see also unbounded coords=jump). 
NOTE: coordinate (623.286,NaN) has been dropped because it is unbounded (in y). (see also unbounded coords=jump). 
NOTE: coordinate (623.559,NaN) has been dropped because it is unbounded (in y). (see also unbounded coords=jump). 
NOTE: coordinate (623.834,NaN) has been dropped because it is unbounded (in y). (see also unbounded coords=jump). 
NOTE: coordinate (656.940,NaN) has been dropped because it is unbounded (in y). (see also unbounded coords=jump). 
NOTE: coordinate (657.193,NaN) has been dropped because it is unbounded (in y). (see also unbounded coords=jump). 
NOTE: coordinate (657.443,NaN) has been dropped because it is unbounded (in y). (see also unbounded coords=jump). 
NOTE: coordinate (657.692,NaN) has been dropped because it is unbounded (in y). (see also unbounded coords=jump). 
NOTE: coordinate (657.941,NaN) has been dropped because it is unbounded (in y). (see also unbounded coords=jump). 
NOTE: coordinate (658.190,NaN) has been dropped because it is unbounded (in y). (see also unbounded coords=jump). 
NOTE: coordinate (658.439,NaN) has been dropped because it is unbounded (in y). (see also unbounded coords=jump). 
NOTE: coordinate (658.688,NaN) has been dropped because it is unbounded (in y). (see also unbounded coords=jump). 
NOTE: coordinate (658.937,NaN) has been dropped because it is unbounded (in y). (see also unbounded coords=jump). 
NOTE: coordinate (659.186,NaN) has been dropped because it is unbounded (in y). (see also unbounded coords=jump). 
NOTE: coordinate (748.099,NaN) has been dropped because it is unbounded (in y). (see also unbounded coords=jump). 
NOTE: coordinate (824.067,NaN) has been dropped because it is unbounded (in y). (see also unbounded coords=jump). 
NOTE: coordinate (824.318,NaN) has been dropped because it is unbounded (in y). (see also unbounded coords=jump). 
NOTE: coordinate (824.579,NaN) has been dropped because it is unbounded (in y). (see also unbounded coords=jump). 
NOTE: coordinate (824.851,NaN) has been dropped because it is unbounded (in y). (see also unbounded coords=jump). 
NOTE: coordinate (825.129,NaN) has been dropped because it is unbounded (in y). (see also unbounded coords=jump). 
NOTE: coordinate (825.415,NaN) has been dropped because it is unbounded (in y). (see also unbounded coords=jump). 
NOTE: coordinate (831.393,NaN) has been dropped because it is unbounded (in y). (see also unbounded coords=jump). 
NOTE: coordinate (835.181,NaN) has been dropped because it is unbounded (in y). (see also unbounded coords=jump). 
NOTE: coordinate (835.458,NaN) has been dropped because it is unbounded (in y). (see also unbounded coords=jump). 
NOTE: coordinate (837.153,NaN) has been dropped because it is unbounded (in y). (see also unbounded coords=jump). 
NOTE: coordinate (837.705,NaN) has been dropped because it is unbounded (in y). (see also unbounded coords=jump). 
NOTE: coordinate (837.988,NaN) has been dropped because it is unbounded (in y). (see also unbounded coords=jump). 
NOTE: coordinate (838.546,NaN) has been dropped because it is unbounded (in y). (see also unbounded coords=jump). 
NOTE: coordinate (845.006,NaN) has been dropped because it is unbounded (in y). (see also unbounded coords=jump). 
NOTE: coordinate (857.156,NaN) has been dropped because it is unbounded (in y). (see also unbounded coords=jump). 
NOTE: coordinate (857.452,NaN) has been dropped because it is unbounded (in y). (see also unbounded coords=jump). 
NOTE: coordinate (1117.985,NaN) has been dropped because it is unbounded (in y). (see also unbounded coords=jump). 
NOTE: coordinate (1286.114,NaN) has been dropped because it is unbounded (in y). (see also unbounded coords=jump). 
NOTE: coordinate (1515.350,NaN) has been dropped because it is unbounded (in y). (see also unbounded coords=jump). 
NOTE: coordinate (1515.607,NaN) has been dropped because it is unbounded (in y). (see also unbounded coords=jump). 
NOTE: coordinate (1516.893,NaN) has been dropped because it is unbounded (in y). (see also unbounded coords=jump). 
NOTE: coordinate (1517.160,NaN) has been dropped because it is unbounded (in y). (see also unbounded coords=jump). 
NOTE: coordinate (1793.672,NaN) has been dropped because it is unbounded (in y). (see also unbounded coords=jump). 
NOTE: coordinate (1793.800,NaN) has been dropped because it is unbounded (in y). (see also unbounded coords=jump). 
NOTE: coordinate (1793.928,NaN) has been dropped because it is unbounded (in y). (see also unbounded coords=jump). 
NOTE: coordinate (1901.689,NaN) has been dropped because it is unbounded (in y). (see also unbounded coords=jump). 
NOTE: coordinate (1901.825,NaN) has been dropped because it is unbounded (in y). (see also unbounded coords=jump). 
NOTE: coordinate (1946.534,NaN) has been dropped because it is unbounded (in y). (see also unbounded coords=jump). 
NOTE: coordinate (1946.652,NaN) has been dropped because it is unbounded (in y). (see also unbounded coords=jump). 
NOTE: coordinate (1946.769,NaN) has been dropped because it is unbounded (in y). (see also unbounded coords=jump). 
NOTE: coordinate (1946.887,NaN) has been dropped because it is unbounded (in y). (see also unbounded coords=jump). 
NOTE: coordinate (1947.004,NaN) has been dropped because it is unbounded (in y). (see also unbounded coords=jump). 
NOTE: coordinate (1947.122,NaN) has been dropped because it is unbounded (in y). (see also unbounded coords=jump). 
NOTE: coordinate (1947.240,NaN) has been dropped because it is unbounded (in y). (see also unbounded coords=jump). 
NOTE: coordinate (1947.359,NaN) has been dropped because it is unbounded (in y). (see also unbounded coords=jump). 
NOTE: coordinate (1947.477,NaN) has been dropped because it is unbounded (in y). (see also unbounded coords=jump). 
NOTE: coordinate (2013.640,NaN) has been dropped because it is unbounded (in y). (see also unbounded coords=jump). 
NOTE: coordinate (2165.419,NaN) has been dropped because it is unbounded (in y). (see also unbounded coords=jump). 
NOTE: coordinate (2165.573,NaN) has been dropped because it is unbounded (in y). (see also unbounded coords=jump). 
NOTE: coordinate (2165.728,NaN) has been dropped because it is unbounded (in y). (see also unbounded coords=jump). 
NOTE: coordinate (2165.882,NaN) has been dropped because it is unbounded (in y). (see also unbounded coords=jump). 
NOTE: coordinate (2166.037,NaN) has been dropped because it is unbounded (in y). (see also unbounded coords=jump). 
NOTE: coordinate (2166.193,NaN) has been dropped because it is unbounded (in y). (see also unbounded coords=jump). 
NOTE: coordinate (2166.348,NaN) has been dropped because it is unbounded (in y). (see also unbounded coords=jump). 
NOTE: coordinate (2416.409,NaN) has been dropped because it is unbounded (in y). (see also unbounded coords=jump). 
NOTE: coordinate (2454.730,NaN) has been dropped because it is unbounded (in y). (see also unbounded coords=jump). 
NOTE: coordinate (2454.791,NaN) has been dropped because it is unbounded (in y). (see also unbounded coords=jump). 
NOTE: coordinate (2454.852,NaN) has been dropped because it is unbounded (in y). (see also unbounded coords=jump). 
NOTE: coordinate (2454.914,NaN) has been dropped because it is unbounded (in y). (see also unbounded coords=jump). 
NOTE: coordinate (2454.975,NaN) has been dropped because it is unbounded (in y). (see also unbounded coords=jump). 
NOTE: coordinate (2455.036,NaN) has been dropped because it is unbounded (in y). (see also unbounded coords=jump). 
NOTE: coordinate (2455.098,NaN) has been dropped because it is unbounded (in y). (see also unbounded coords=jump). 
NOTE: coordinate (2455.159,NaN) has been dropped because it is unbounded (in y). (see also unbounded coords=jump). 
NOTE: coordinate (2455.220,NaN) has been dropped because it is unbounded (in y). (see also unbounded coords=jump). 
NOTE: coordinate (2455.281,NaN) has been dropped because it is unbounded (in y). (see also unbounded coords=jump). 
NOTE: coordinate (2455.341,NaN) has been dropped because it is unbounded (in y). (see also unbounded coords=jump). 
NOTE: coordinate (2455.402,NaN) has been dropped because it is unbounded (in y). (see also unbounded coords=jump). 
NOTE: coordinate (2455.463,NaN) has been dropped because it is unbounded (in y). (see also unbounded coords=jump). 
NOTE: coordinate (2455.523,NaN) has been dropped because it is unbounded (in y). (see also unbounded coords=jump). 
NOTE: coordinate (2455.584,NaN) has been dropped because it is unbounded (in y). (see also unbounded coords=jump). 
NOTE: coordinate (2455.645,NaN) has been dropped because it is unbounded (in y). (see also unbounded coords=jump). 
NOTE: coordinate (2455.705,NaN) has been dropped because it is unbounded (in y). (see also unbounded coords=jump). 
NOTE: coordinate (2510.610,NaN) has been dropped because it is unbounded (in y). (see also unbounded coords=jump). 
NOTE: coordinate (2510.684,NaN) has been dropped because it is unbounded (in y). (see also unbounded coords=jump). 
NOTE: coordinate (2590.197,NaN) has been dropped because it is unbounded (in y). (see also unbounded coords=jump). 
NOTE: coordinate (2597.325,NaN) has been dropped because it is unbounded (in y). (see also unbounded coords=jump). 
NOTE: coordinate (2597.383,NaN) has been dropped because it is unbounded (in y). (see also unbounded coords=jump). 
NOTE: coordinate (2597.441,NaN) has been dropped because it is unbounded (in y). (see also unbounded coords=jump). 
NOTE: coordinate (2610.563,NaN) has been dropped because it is unbounded (in y). (see also unbounded coords=jump). 
NOTE: coordinate (2649.671,NaN) has been dropped because it is unbounded (in y). (see also unbounded coords=jump). 
NOTE: coordinate (2649.712,NaN) has been dropped because it is unbounded (in y). (see also unbounded coords=jump). 
NOTE: coordinate (2649.753,NaN) has been dropped because it is unbounded (in y). (see also unbounded coords=jump). 
NOTE: coordinate (2795.525,NaN) has been dropped because it is unbounded (in y). (see also unbounded coords=jump). 
NOTE: coordinate (2795.549,NaN) has been dropped because it is unbounded (in y). (see also unbounded coords=jump). 
NOTE: coordinate (2796.731,NaN) has been dropped because it is unbounded (in y). (see also unbounded coords=jump). 
NOTE: coordinate (2818.375,NaN) has been dropped because it is unbounded (in y). (see also unbounded coords=jump). 
NOTE: coordinate (2831.831,NaN) has been dropped because it is unbounded (in